  MainControl.cpp
D:\TESIS\ControlRobots\PosControlTX90\10TorqueCtrlTX90\TX90ProxyByTorque.h(18): warning C4305: 'inicializando': truncamiento de 'double' a 'float'
D:\TESIS\ControlRobots\PosControlTX90\10TorqueCtrlTX90\TrajQuinticPVA.h(18): warning C4267: 'return': conversión de 'size_t' a 'int'; posible pérdida de datos
D:\TESIS\ControlRobots\PosControlTX90\10TorqueCtrlTX90\TrajLSPBPVA.h(18): warning C4267: 'return': conversión de 'size_t' a 'int'; posible pérdida de datos
D:\TESIS\ControlRobots\PosControlTX90\10TorqueCtrlTX90\MainControl.cpp(31,27): warning C4305: 'inicializando': truncamiento de 'double' a 'float'
D:\TESIS\ControlRobots\PosControlTX90\10TorqueCtrlTX90\MainControl.cpp(33,67): warning C4305: 'inicializando': truncamiento de 'double' a 'float'
D:\TESIS\ControlRobots\PosControlTX90\10TorqueCtrlTX90\MainControl.cpp(34,54): warning C4305: 'inicializando': truncamiento de 'double' a 'float'
D:\TESIS\ControlRobots\PosControlTX90\10TorqueCtrlTX90\MainControl.cpp(36,51): warning C4305: 'inicializando': truncamiento de 'double' a 'float'
D:\TESIS\ControlRobots\PosControlTX90\10TorqueCtrlTX90\MainControl.cpp(38,49): warning C4305: 'inicializando': truncamiento de 'double' a 'float'
D:\TESIS\ControlRobots\PosControlTX90\10TorqueCtrlTX90\MainControl.cpp(105,30): warning C4244: '=': conversión de 'double' a '_Ty'; posible pérdida de datos
          with
          [
              _Ty=float
          ]
D:\TESIS\ControlRobots\PosControlTX90\10TorqueCtrlTX90\MainControl.cpp(121,90): warning C4244: 'argumento': conversión de 'int' a 'float'; posible pérdida de datos
D:\TESIS\ControlRobots\PosControlTX90\matplotlib-cpp-master\matplotlibcpp.h(1815,48): warning C4244: '=': conversión de 'size_t' a '_Ty'; posible pérdida de datos
          with
          [
              _Ty=double
          ]
D:\TESIS\ControlRobots\PosControlTX90\matplotlib-cpp-master\matplotlibcpp.h(2879,33): message : Vea la referencia a la creación de una instancia de la función plantilla "bool matplotlibcpp::plot<double>(const std::vector<double,std::allocator<double>> &,const std::string &)" que se está compilando
  10TorqueCtrlTX90.vcxproj -> D:\TESIS\ControlRobots\PosControlTX90\x64\Debug\10TorqueCtrlTX90.exe
