d:\tesis\controllerstx90\03posctrltx90\x64\debug\vc143.pdb
d:\tesis\controllerstx90\03posctrltx90\x64\debug\vc143.idb
d:\tesis\controlrobots\poscontroltx90\03posctrltx90\x64\debug\vc143.pdb
d:\tesis\controlrobots\poscontroltx90\03posctrltx90\x64\debug\vc143.idb
d:\tesis\controlrobots\poscontroltx90\03posctrltx90\x64\debug\writetofile.obj
d:\tesis\controlrobots\poscontroltx90\03posctrltx90\x64\debug\tx90proxy.obj
d:\tesis\controlrobots\poscontroltx90\03posctrltx90\x64\debug\trajquinticpva.obj
d:\tesis\controlrobots\poscontroltx90\03posctrltx90\x64\debug\trajlspbpva.obj
d:\tesis\controlrobots\poscontroltx90\03posctrltx90\x64\debug\trajcubicpv.obj
d:\tesis\controlrobots\poscontroltx90\03posctrltx90\x64\debug\staubliudpport.obj
d:\tesis\controlrobots\poscontroltx90\03posctrltx90\x64\debug\pidctrlpv.obj
d:\tesis\controlrobots\poscontroltx90\03posctrltx90\x64\debug\maincontrol.obj
d:\tesis\controlrobots\poscontroltx90\03posctrltx90\x64\debug\tx90proxybyposition.obj
d:\tesis\controlrobots\poscontroltx90\x64\debug\03posctrltx90.exe
d:\tesis\controlrobots\poscontroltx90\03posctrltx90\x64\debug\03posctrltx90.ilk
d:\tesis\controlrobots\poscontroltx90\x64\debug\03posctrltx90.pdb
d:\tesis\controlrobots\poscontroltx90\03posctrltx90\x64\debug\maincontrol (1).obj
d:\tesis\controlrobots\poscontroltx90\03posctrltx90\x64\debug\tx90proxy (1).obj
d:\tesis\controlrobots\poscontroltx90\03posctrltx90\x64\debug\maincontrol.obj.enc
d:\tesis\controlrobots\poscontroltx90\03posctrltx90\x64\debug\vc143 (1).idb
d:\tesis\controlrobots\poscontroltx90\03posctrltx90\x64\debug\vc143 (1).pdb
d:\tesis\controlrobots\poscontroltx90\03posctrltx90\x64\debug\03posctrltx90.tlog\cl.command.1 (1).tlog
d:\tesis\controlrobots\poscontroltx90\03posctrltx90\x64\debug\03posctrltx90.tlog\cl.command.1.tlog
d:\tesis\controlrobots\poscontroltx90\03posctrltx90\x64\debug\03posctrltx90.tlog\cl.read.1 (1).tlog
d:\tesis\controlrobots\poscontroltx90\03posctrltx90\x64\debug\03posctrltx90.tlog\cl.write.1 (1).tlog
d:\tesis\controlrobots\poscontroltx90\03posctrltx90\x64\debug\03posctrltx90.tlog\link.command.1.tlog
d:\tesis\controlrobots\poscontroltx90\03posctrltx90\x64\debug\03posctrltx90.tlog\link.read.1.tlog
d:\tesis\controlrobots\poscontroltx90\03posctrltx90\x64\debug\03posctrltx90.tlog\link.write.1.tlog
