  MainControl.cpp
D:\TESIS\ControlRobots\PosControlTX90\11TorqueCtrlTX90\TX90ProxyByTorque.h(18): warning C4305: 'inicializando': truncamiento de 'double' a 'float'
D:\TESIS\ControlRobots\PosControlTX90\11TorqueCtrlTX90\TrajQuinticPVA.h(18): warning C4267: 'return': conversión de 'size_t' a 'int'; posible pérdida de datos
D:\TESIS\ControlRobots\PosControlTX90\11TorqueCtrlTX90\TrajLSPBPVA.h(18): warning C4267: 'return': conversión de 'size_t' a 'int'; posible pérdida de datos
D:\TESIS\ControlRobots\PosControlTX90\11TorqueCtrlTX90\MainControl.cpp(32,27): warning C4305: 'inicializando': truncamiento de 'double' a 'float'
D:\TESIS\ControlRobots\PosControlTX90\11TorqueCtrlTX90\MainControl.cpp(38,68): warning C4305: 'inicializando': truncamiento de 'double' a 'float'
D:\TESIS\ControlRobots\PosControlTX90\11TorqueCtrlTX90\MainControl.cpp(41,80): warning C4305: 'inicializando': truncamiento de 'double' a 'float'
D:\TESIS\ControlRobots\PosControlTX90\11TorqueCtrlTX90\MainControl.cpp(43,49): warning C4305: 'inicializando': truncamiento de 'double' a 'float'
D:\TESIS\ControlRobots\PosControlTX90\11TorqueCtrlTX90\MainControl.cpp(103,30): warning C4244: '=': conversión de 'double' a '_Ty'; posible pérdida de datos
          with
          [
              _Ty=float
          ]
D:\TESIS\ControlRobots\PosControlTX90\matplotlib-cpp-master\matplotlibcpp.h(1815,48): warning C4244: '=': conversión de 'size_t' a '_Ty'; posible pérdida de datos
          with
          [
              _Ty=double
          ]
D:\TESIS\ControlRobots\PosControlTX90\matplotlib-cpp-master\matplotlibcpp.h(2879,33): message : Vea la referencia a la creación de una instancia de la función plantilla "bool matplotlibcpp::plot<double>(const std::vector<double,std::allocator<double>> &,const std::string &)" que se está compilando
  11TorqueCtrlTX90.vcxproj -> D:\TESIS\ControlRobots\PosControlTX90\x64\Debug\11TorqueCtrlTX90.exe
