d:\tesis\controlrobots\poscontroltx90\11torquectrltx90\x64\debug\vc143.pdb
d:\tesis\controlrobots\poscontroltx90\11torquectrltx90\x64\debug\vc143.idb
d:\tesis\controlrobots\poscontroltx90\11torquectrltx90\x64\debug\tx90proxybytorque.obj
d:\tesis\controlrobots\poscontroltx90\11torquectrltx90\x64\debug\tx90dynamics.obj
d:\tesis\controlrobots\poscontroltx90\11torquectrltx90\x64\debug\trajquinticpva.obj
d:\tesis\controlrobots\poscontroltx90\11torquectrltx90\x64\debug\trajlspbpva.obj
d:\tesis\controlrobots\poscontroltx90\11torquectrltx90\x64\debug\trajcubicpv.obj
d:\tesis\controlrobots\poscontroltx90\11torquectrltx90\x64\debug\staubliudpport.obj
d:\tesis\controlrobots\poscontroltx90\11torquectrltx90\x64\debug\pidctrlpva.obj
d:\tesis\controlrobots\poscontroltx90\11torquectrltx90\x64\debug\maincontrol.obj
d:\tesis\controlrobots\poscontroltx90\11torquectrltx90\x64\debug\hystoricdata.obj
d:\tesis\controlrobots\poscontroltx90\11torquectrltx90\x64\debug\dynamiccompesator.obj
d:\tesis\controlrobots\poscontroltx90\x64\debug\11torquectrltx90.exe
d:\tesis\controlrobots\poscontroltx90\11torquectrltx90\x64\debug\11torquectrltx90.ilk
d:\tesis\controlrobots\poscontroltx90\x64\debug\11torquectrltx90.pdb
d:\tesis\controlrobots\poscontroltx90\11torquectrltx90\x64\debug\11torquectrltx90.tlog\cl.command.1.tlog
d:\tesis\controlrobots\poscontroltx90\11torquectrltx90\x64\debug\11torquectrltx90.tlog\cl.read.1.tlog
d:\tesis\controlrobots\poscontroltx90\11torquectrltx90\x64\debug\11torquectrltx90.tlog\cl.write.1.tlog
d:\tesis\controlrobots\poscontroltx90\11torquectrltx90\x64\debug\11torquectrltx90.tlog\link.command.1.tlog
d:\tesis\controlrobots\poscontroltx90\11torquectrltx90\x64\debug\11torquectrltx90.tlog\link.read.1.tlog
d:\tesis\controlrobots\poscontroltx90\11torquectrltx90\x64\debug\11torquectrltx90.tlog\link.write.1.tlog
